<?xml version="1.0" encoding="UTF-8"?>
<testsuite xmlns:xsi="http://www.w3.org/2001/XMLSchema-instance" xsi:noNamespaceSchemaLocation="https://maven.apache.org/surefire/maven-surefire-plugin/xsd/surefire-test-report-3.0.xsd" version="3.0" name="com.saucedemo.runners.TestRunner" time="35.147" tests="3" errors="0" skipped="0" failures="0">
  <properties>
[...]
</properties>
  <testcase name="Inicio de sesion exitoso" classname="Compra y Autenticación en Sauce Demo" time="11.52">
    <system-out><![CDATA[
Scenario: Inicio de sesion exitoso                                                 # src/test/resources/features/saucedemo.feature:10
▶ Iniciando escenario: Inicio de sesion exitoso
  Given el usuario navega a la pagina de login de Sauce Demo                       # com.saucedemo.steps.LoginSteps.el_usuario_navega_a_la_pagina_de_login_de_sauce_demo()

    Embedding Captura de pantalla del paso [image/png 31242 bytes]

  When el usuario ingresa el username "standard_user" y el password "secret_sauce" # com.saucedemo.steps.LoginSteps.el_usuario_ingresa_el_username_y_el_password(java.lang.String,java.lang.String)

    Embedding Captura de pantalla del paso [image/png 30773 bytes]

  And hace clic en el boton de login                                               # com.saucedemo.steps.LoginSteps.hace_clic_en_el_boton_de_login()

    Embedding Captura de pantalla del paso [image/png 258774 bytes]

  Then deberia ser redirigido a la pagina de productos                             # com.saucedemo.steps.LoginSteps.deberia_ser_redirigido_a_la_pagina_de_productos()

    Embedding Captura de pantalla del paso [image/png 258774 bytes]

⏹ Finalizando escenario: Inicio de sesion exitoso | Estado: PASSED
]]></system-out>
  </testcase>
  <testcase name="Inicio de sesion de usuario bloqueado" classname="Compra y Autenticación en Sauce Demo" time="6.424">
    <system-out><![CDATA[
Scenario: Inicio de sesion de usuario bloqueado                                      # src/test/resources/features/saucedemo.feature:16
▶ Iniciando escenario: Inicio de sesion de usuario bloqueado
  Given el usuario navega a la pagina de login de Sauce Demo                         # com.saucedemo.steps.LoginSteps.el_usuario_navega_a_la_pagina_de_login_de_sauce_demo()

    Embedding Captura de pantalla del paso [image/png 31242 bytes]

  When el usuario ingresa el username "locked_out_user" y el password "secret_sauce" # com.saucedemo.steps.LoginSteps.el_usuario_ingresa_el_username_y_el_password(java.lang.String,java.lang.String)

    Embedding Captura de pantalla del paso [image/png 30620 bytes]

  And hace clic en el boton de login                                                 # com.saucedemo.steps.LoginSteps.hace_clic_en_el_boton_de_login()

    Embedding Captura de pantalla del paso [image/png 35399 bytes]

  Then deberia ver un mensaje de error indicando que el usuario esta bloqueado       # com.saucedemo.steps.LoginSteps.deberia_ver_un_mensaje_de_error_indicando_que_el_usuario_esta_bloqueado()

    Embedding Captura de pantalla del paso [image/png 35399 bytes]

⏹ Finalizando escenario: Inicio de sesion de usuario bloqueado | Estado: PASSED
]]></system-out>
  </testcase>
  <testcase name="Completar una compra exitosamente" classname="Compra y Autenticación en Sauce Demo" time="16.199">
    <system-out><![CDATA[
Scenario: Completar una compra exitosamente                                                # src/test/resources/features/saucedemo.feature:22
▶ Iniciando escenario: Completar una compra exitosamente
  Given el usuario navega a la pagina de login de Sauce Demo                               # com.saucedemo.steps.LoginSteps.el_usuario_navega_a_la_pagina_de_login_de_sauce_demo()

    Embedding Captura de pantalla del paso [image/png 31242 bytes]

  Given el usuario ya ha iniciado sesion exitosamente con "standard_user" y "secret_sauce" # com.saucedemo.steps.LoginSteps.el_usuario_ya_ha_iniciado_sesion_exitosamente_con_y(java.lang.String,java.lang.String)

    Embedding Captura de pantalla del paso [image/png 258774 bytes]

  When agrega un producto al carrito desde el inventario                                   # com.saucedemo.steps.CheckoutSteps.agrega_un_producto_al_carrito_desde_el_inventario()

    Embedding Captura de pantalla del paso [image/png 260141 bytes]

  And navega al carrito de compras                                                         # com.saucedemo.steps.CheckoutSteps.navega_al_carrito_de_compras()

    Embedding Captura de pantalla del paso [image/png 46460 bytes]

  Then verifica que el producto fue agregado correctamente                                 # com.saucedemo.steps.CheckoutSteps.verifica_que_el_producto_fue_agregado_correctamente()

    Embedding Captura de pantalla del paso [image/png 46460 bytes]

  When inicia el proceso de checkout                                                       # com.saucedemo.steps.CheckoutSteps.inicia_el_proceso_de_checkout()

    Embedding Captura de pantalla del paso [image/png 23188 bytes]

  And ingresa sus datos de envio: nombre "QA", apellido "Tester", codigo postal "12345"    # com.saucedemo.steps.CheckoutSteps.ingresa_sus_datos_de_envio_nombre_apellido_codigo_postal(java.lang.String,java.lang.String,java.lang.String)

    Embedding Captura de pantalla del paso [image/png 20867 bytes]

  And continua y finaliza la orden                                                         # com.saucedemo.steps.CheckoutSteps.continua_y_finaliza_la_orden()

    Embedding Captura de pantalla del paso [image/png 43386 bytes]

  Then deberia ver la confirmacion de compra exitosa                                       # com.saucedemo.steps.CheckoutSteps.deberia_ver_la_confirmacion_de_compra_exitosa()

    Embedding Captura de pantalla del paso [image/png 43386 bytes]

⏹ Finalizando escenario: Completar una compra exitosamente | Estado: PASSED
]]></system-out>
  </testcase>
</testsuite>